<?xml version="1.0" encoding="UTF-8"?>
<testng-results skipped="0" failed="0" ignored="0" total="4" passed="4">
  <reporter-output>
  </reporter-output>
  <suite name="Suite" duration-ms="14974" started-at="2022-11-24T16:13:01Z" finished-at="2022-11-24T16:13:16Z">
    <groups>
    </groups>
    <test name="Test" duration-ms="14974" started-at="2022-11-24T16:13:01Z" finished-at="2022-11-24T16:13:16Z">
      <class name="com.testng.AltoroMutual">
        <test-method status="PASS" signature="beforeclass()[pri:0, instance:com.testng.AltoroMutual@10bdf5e5]" name="beforeclass" duration-ms="6040" started-at="2022-11-24T21:43:01Z" finished-at="2022-11-24T21:43:07Z">
          <reporter-output>
          </reporter-output>
        </test-method> <!-- beforeclass -->
        <test-method status="PASS" signature="openLoginPage()[pri:0, instance:com.testng.AltoroMutual@10bdf5e5]" name="openLoginPage" duration-ms="396" started-at="2022-11-24T21:43:07Z" finished-at="2022-11-24T21:43:08Z">
          <reporter-output>
          </reporter-output>
        </test-method> <!-- openLoginPage -->
        <test-method status="PASS" signature="tryLogIn()[pri:0, instance:com.testng.AltoroMutual@10bdf5e5]" name="tryLogIn" duration-ms="3991" started-at="2022-11-24T21:43:08Z" finished-at="2022-11-24T21:43:12Z">
          <reporter-output>
          </reporter-output>
        </test-method> <!-- tryLogIn -->
        <test-method status="PASS" signature="viewSummary()[pri:0, instance:com.testng.AltoroMutual@10bdf5e5]" name="viewSummary" duration-ms="4514" started-at="2022-11-24T21:43:12Z" finished-at="2022-11-24T21:43:16Z">
          <reporter-output>
          </reporter-output>
        </test-method> <!-- viewSummary -->
      </class> <!-- com.testng.AltoroMutual -->
    </test> <!-- Test -->
  </suite> <!-- Suite -->
</testng-results>
