<?xml version="1.0" encoding="UTF-8"?>
<!-- Generated by org.testng.reporters.JUnitXMLReporter -->
<testsuite hostname="DESKTOP-RMVC30I" ignored="0" name="Default test" tests="4" failures="0" timestamp="24 Nov 2022 16:07:24 GMT" time="13.646" errors="0">
  <testcase name="beforeclass" time="4.821" classname="com.testng.AltoroMutual"/>
  <testcase name="openLoginPage" time="0.366" classname="com.testng.AltoroMutual"/>
  <testcase name="tryLogIn" time="4.015" classname="com.testng.AltoroMutual"/>
  <testcase name="viewSummary" time="4.42" classname="com.testng.AltoroMutual"/>
</testsuite> <!-- Default test -->
