<?xml version="1.0" encoding="UTF-8"?>
<!-- Generated by org.testng.reporters.JUnitXMLReporter -->
<testsuite hostname="DESKTOP-RMVC30I" ignored="0" name="Test" tests="4" failures="0" timestamp="24 Nov 2022 16:13:16 GMT" time="14.974" errors="0">
  <testcase name="beforeclass" time="6.04" classname="com.testng.AltoroMutual"/>
  <testcase name="openLoginPage" time="0.396" classname="com.testng.AltoroMutual"/>
  <testcase name="tryLogIn" time="3.991" classname="com.testng.AltoroMutual"/>
  <testcase name="viewSummary" time="4.514" classname="com.testng.AltoroMutual"/>
</testsuite> <!-- Test -->
